<?xml version="1.0" encoding="UTF-8"?>
<robot generator="Robot 7.2.2 (Python 3.13.3 on win32)" generated="2025-04-22T01:49:16.744277" rpa="false" schemaversion="5">
<suite id="s1" name="Test" source="C:\Users\gustavo.rocha\OneDrive - Inmetrics\Desktop\Organo Teste\Test.robot">
<test id="s1-t1" name="Abrir o navegador e acessar site do organo" line="25">
<kw name="Open Browser" owner="SeleniumLibrary">
<msg time="2025-04-22T01:49:21.546462" level="INFO">Opening browser 'Chrome' to base url 'http://localhost:3000/'.</msg>
<arg>url=http://localhost:3000/</arg>
<arg>browser=Chrome</arg>
<doc>Opens a new browser instance to the optional ``url``.</doc>
<status status="PASS" start="2025-04-22T01:49:21.545610" elapsed="5.153730"/>
</kw>
<status status="PASS" start="2025-04-22T01:49:21.543612" elapsed="5.156296"/>
</test>
<test id="s1-t2" name="Preencher formulario" line="29">
<kw name="Input Text" owner="SeleniumLibrary">
<msg time="2025-04-22T01:49:26.702455" level="INFO">Typing text 'Gustavo Rocha' into text field 'id:form-nome'.</msg>
<arg>${CAMPO_NOME}</arg>
<arg>Gustavo Rocha</arg>
<doc>Types the given ``text`` into the text field identified by ``locator``.</doc>
<status status="PASS" start="2025-04-22T01:49:26.701518" elapsed="0.372922"/>
</kw>
<kw name="Input Text" owner="SeleniumLibrary">
<msg time="2025-04-22T01:49:27.075866" level="INFO">Typing text 'analista de sistema' into text field 'id:form-cargo'.</msg>
<arg>${CAMPO_CARGO}</arg>
<arg>analista de sistema</arg>
<doc>Types the given ``text`` into the text field identified by ``locator``.</doc>
<status status="PASS" start="2025-04-22T01:49:27.075180" elapsed="0.306926"/>
</kw>
<kw name="Input Text" owner="SeleniumLibrary">
<msg time="2025-04-22T01:49:27.384036" level="INFO">Typing text 'https://picsum.photos/id/1/200/300' into text field 'id:form-imagem'.</msg>
<arg>${CAMPO_IMAGEM}</arg>
<arg>https://picsum.photos/id/1/200/300</arg>
<doc>Types the given ``text`` into the text field identified by ``locator``.</doc>
<status status="PASS" start="2025-04-22T01:49:27.383323" elapsed="0.337870"/>
</kw>
<kw name="Click Element" owner="SeleniumLibrary">
<msg time="2025-04-22T01:49:27.723920" level="INFO">Clicking element 'class:lista-suspensa'.</msg>
<arg>${CAMPO_TIME}</arg>
<doc>Click the element identified by ``locator``.</doc>
<status status="PASS" start="2025-04-22T01:49:27.723142" elapsed="0.227655"/>
</kw>
<kw name="Click Element" owner="SeleniumLibrary">
<msg time="2025-04-22T01:49:27.952907" level="INFO">Clicking element '//option[contains(.,'Data Science')]'.</msg>
<arg>${OPCAO_DADOS}</arg>
<doc>Click the element identified by ``locator``.</doc>
<status status="PASS" start="2025-04-22T01:49:27.952410" elapsed="0.110194"/>
</kw>
<kw name="Sleep" owner="BuiltIn">
<msg time="2025-04-22T01:49:38.064505" level="INFO">Slept 10 seconds.</msg>
<arg>10s</arg>
<doc>Pauses the test executed for the given time.</doc>
<status status="PASS" start="2025-04-22T01:49:28.063291" elapsed="10.001515"/>
</kw>
<kw name="Click Element" owner="SeleniumLibrary">
<msg time="2025-04-22T01:49:38.066401" level="INFO">Clicking element 'id:form-botao'.</msg>
<arg>${BOTAO_CARD}</arg>
<doc>Click the element identified by ``locator``.</doc>
<status status="PASS" start="2025-04-22T01:49:38.065699" elapsed="0.153518"/>
</kw>
<kw name="Element Should Be Visible" owner="SeleniumLibrary">
<msg time="2025-04-22T01:49:38.422439" level="INFO">Element 'class:colaborador' is displayed.</msg>
<arg>class:colaborador</arg>
<doc>Verifies that the element identified by ``locator`` is visible.</doc>
<status status="PASS" start="2025-04-22T01:49:38.220120" elapsed="0.202513"/>
</kw>
<kw name="Sleep" owner="BuiltIn">
<msg time="2025-04-22T01:49:43.424923" level="INFO">Slept 5 seconds.</msg>
<arg>5s</arg>
<doc>Pauses the test executed for the given time.</doc>
<status status="PASS" start="2025-04-22T01:49:38.423621" elapsed="5.001637"/>
</kw>
<status status="PASS" start="2025-04-22T01:49:26.700686" elapsed="16.725773"/>
</test>
<status status="PASS" start="2025-04-22T01:49:16.747762" elapsed="26.680237"/>
</suite>
<statistics>
<total>
<stat pass="2" fail="0" skip="0">All Tests</stat>
</total>
<tag>
</tag>
<suite>
<stat name="Test" id="s1" pass="2" fail="0" skip="0">Test</stat>
</suite>
</statistics>
<errors>
</errors>
</robot>
