<?xml version="1.0" encoding="UTF-8"?>
<robot generator="Robot 7.2.2 (Python 3.13.3 on win32)" generated="2025-04-22T01:07:10.097910" rpa="false" schemaversion="5">
<suite id="s1" name="Test" source="C:\Users\gustavo.rocha\OneDrive - Inmetrics\Desktop\Organo Teste\Test.robot">
<test id="s1-t1" name="Abrir o navegador e acessar site do organo" line="10">
<kw name="Open Browser" owner="SeleniumLibrary">
<msg time="2025-04-22T01:07:13.309580" level="INFO">Opening browser 'Chrome' to base url 'http://localhost:3000/'.</msg>
<arg>url=http://localhost:3000/</arg>
<arg>browser=Chrome</arg>
<doc>Opens a new browser instance to the optional ``url``.</doc>
<status status="PASS" start="2025-04-22T01:07:13.306575" elapsed="10.096417"/>
</kw>
<status status="PASS" start="2025-04-22T01:07:13.305055" elapsed="10.099227"/>
</test>
<test id="s1-t2" name="Preencher formulario" line="14">
<kw name="Input Text" owner="SeleniumLibrary">
<msg time="2025-04-22T01:07:23.407439" level="INFO">Typing text 'Gustavo Rocha' into text field 'id:form-nome'.</msg>
<arg>id:form-nome</arg>
<arg>Gustavo Rocha</arg>
<doc>Types the given ``text`` into the text field identified by ``locator``.</doc>
<status status="PASS" start="2025-04-22T01:07:23.406521" elapsed="0.320666"/>
</kw>
<kw name="Input Text" owner="SeleniumLibrary">
<msg time="2025-04-22T01:07:23.729696" level="INFO">Typing text 'analista de sistema' into text field 'id:form-cargo'.</msg>
<arg>id:form-cargo</arg>
<arg>analista de sistema</arg>
<doc>Types the given ``text`` into the text field identified by ``locator``.</doc>
<status status="PASS" start="2025-04-22T01:07:23.729102" elapsed="0.329900"/>
</kw>
<kw name="Input Text" owner="SeleniumLibrary">
<msg time="2025-04-22T01:07:24.060665" level="INFO">Typing text 'https://picsum.photos/id/1/200/300' into text field 'id:form-imagem'.</msg>
<arg>id:form-imagem</arg>
<arg>https://picsum.photos/id/1/200/300</arg>
<doc>Types the given ``text`` into the text field identified by ``locator``.</doc>
<status status="PASS" start="2025-04-22T01:07:24.059984" elapsed="0.254929"/>
</kw>
<kw name="Click Element" owner="SeleniumLibrary">
<msg time="2025-04-22T01:07:24.315993" level="INFO">Clicking element 'class:lista-suspensa'.</msg>
<arg>class:lista-suspensa</arg>
<doc>Click the element identified by ``locator``.</doc>
<status status="PASS" start="2025-04-22T01:07:24.315574" elapsed="0.234984"/>
</kw>
<kw name="Click Element" owner="SeleniumLibrary">
<msg time="2025-04-22T01:07:24.552071" level="INFO">Clicking element '//option[contains(.,'Programação')]'.</msg>
<arg>//option[contains(.,'Programação')]</arg>
<doc>Click the element identified by ``locator``.</doc>
<status status="PASS" start="2025-04-22T01:07:24.551523" elapsed="0.083661"/>
</kw>
<kw name="Sleep" owner="BuiltIn">
<msg time="2025-04-22T01:07:34.639542" level="INFO">Slept 10 seconds.</msg>
<arg>10s</arg>
<doc>Pauses the test executed for the given time.</doc>
<status status="PASS" start="2025-04-22T01:07:24.635739" elapsed="10.004308"/>
</kw>
<kw name="Click Element" owner="SeleniumLibrary">
<msg time="2025-04-22T01:07:34.642220" level="INFO">Clicking element 'id=form-botao'.</msg>
<arg>id=form-botao</arg>
<doc>Click the element identified by ``locator``.</doc>
<status status="PASS" start="2025-04-22T01:07:34.641432" elapsed="0.157956"/>
</kw>
<kw name="Element Should Be Visible" owner="SeleniumLibrary">
<msg time="2025-04-22T01:07:34.949560" level="INFO">Element 'class:colaborador' is displayed.</msg>
<arg>class:colaborador</arg>
<doc>Verifies that the element identified by ``locator`` is visible.</doc>
<status status="PASS" start="2025-04-22T01:07:34.800151" elapsed="0.149553"/>
</kw>
<kw name="Sleep" owner="BuiltIn">
<msg time="2025-04-22T01:07:39.951587" level="INFO">Slept 5 seconds.</msg>
<arg>5s</arg>
<doc>Pauses the test executed for the given time.</doc>
<status status="PASS" start="2025-04-22T01:07:34.950393" elapsed="5.001624"/>
</kw>
<status status="PASS" start="2025-04-22T01:07:23.405306" elapsed="16.548931"/>
</test>
<status status="PASS" start="2025-04-22T01:07:10.100369" elapsed="29.857434"/>
</suite>
<statistics>
<total>
<stat pass="2" fail="0" skip="0">All Tests</stat>
</total>
<tag>
</tag>
<suite>
<stat name="Test" id="s1" pass="2" fail="0" skip="0">Test</stat>
</suite>
</statistics>
<errors>
</errors>
</robot>
